Part1/main_ft_atoi.c Compilation error!
Part1/main_ft_bzero.c Compilation error!
Part1/main_ft_calloc.c Compilation error!
Part1/main_ft_isalnum.c Compilation error!
Part1/main_ft_isalpha.c Compilation error!
Part1/main_ft_isascii.c Compilation error!
Part1/main_ft_isdigit.c Compilation error!
Part1/main_ft_isprint.c Compilation error!
Part1/main_ft_memchr.c Compilation error!
Part1/main_ft_memcmp.c Compilation error!
Part1/main_ft_memcpy.c Compilation error!
Part1/main_ft_memmove.c Compilation error!
Part1/main_ft_memset.c Compilation error!
Part1/main_ft_strchr.c Compilation error!
Part1/main_ft_strdup.c Compilation error!
Part1/main_ft_strlcat.c Compilation error!
Part1/main_ft_strlcpy.c Compilation error!
Part1/main_ft_strlen.c Compilation error!
Part1/main_ft_strncmp.c Compilation error!
Part1/main_ft_strnstr.c Compilation error!
Part1/main_ft_strrchr.c Compilation error!
Part1/main_ft_tolower.c Compilation error!
Part1/main_ft_toupper.c Compilation error!
Part1/main_ft_atoi.c Compilation error!
Part1/main_ft_bzero.c Compilation error!
Part1/main_ft_calloc.c Compilation error!
Part1/main_ft_isalnum.c Compilation error!
Part1/main_ft_isalpha.c Compilation error!
Part1/main_ft_isascii.c Compilation error!
Part1/main_ft_isdigit.c Compilation error!
Part1/main_ft_isprint.c Compilation error!
Part1/main_ft_memchr.c Compilation error!
Part1/main_ft_memcmp.c Compilation error!
Part1/main_ft_memcpy.c Compilation error!
Part1/main_ft_memmove.c Compilation error!
Part1/main_ft_memset.c Compilation error!
Part1/main_ft_strchr.c Compilation error!
Part1/main_ft_strdup.c Compilation error!
Part1/main_ft_strlcat.c Compilation error!
Part1/main_ft_strlcpy.c Compilation error!
Part1/main_ft_strlen.c Compilation error!
Part1/main_ft_strncmp.c Compilation error!
Part1/main_ft_strnstr.c Compilation error!
Part1/main_ft_strrchr.c Compilation error!
Part1/main_ft_tolower.c Compilation error!
Part1/main_ft_toupper.c Compilation error!
Part1/main_ft_atoi.c Norm error!
Part1/main_ft_bzero.c Compilation error!
Part1/main_ft_calloc.c Compilation error!
Part1/main_ft_isalnum.c Compilation error!
Part1/main_ft_isalpha.c Compilation error!
Part1/main_ft_isascii.c Compilation error!
Part1/main_ft_isdigit.c Compilation error!
Part1/main_ft_isprint.c Compilation error!
Part1/main_ft_memchr.c Compilation error!
Part1/main_ft_memcmp.c Compilation error!
Part1/main_ft_memcpy.c Compilation error!
Part1/main_ft_memmove.c Compilation error!
Part1/main_ft_memset.c Compilation error!
Part1/main_ft_strchr.c Compilation error!
Part1/main_ft_strdup.c Compilation error!
Part1/main_ft_strlcat.c Compilation error!
Part1/main_ft_strlcpy.c Compilation error!
Part1/main_ft_strlen.c Compilation error!
Part1/main_ft_strncmp.c Compilation error!
Part1/main_ft_strnstr.c Compilation error!
Part1/main_ft_strrchr.c Compilation error!
Part1/main_ft_tolower.c Compilation error!
Part1/main_ft_toupper.c Compilation error!
Part1/main_ft_atoi.c Norm error!
Part1/main_ft_bzero.c Norm error!
Part1/main_ft_calloc.c Norm error!
Part1/main_ft_isalnum.c Norm error!
Part1/main_ft_isalpha.c Norm error!
Part1/main_ft_isascii.c Norm error!
Part1/main_ft_isdigit.c Norm error!
Part1/main_ft_isprint.c Norm error!
Part1/main_ft_memchr.c Norm error!
Part1/main_ft_memcmp.c Norm error!
Part1/main_ft_memcpy.c Norm error!
Part1/main_ft_memmove.c Norm error!
Part1/main_ft_memset.c Norm error!
Part1/main_ft_strchr.c Norm error!
Part1/main_ft_strdup.c Norm error!
Part1/main_ft_strlcat.c Norm error!
Part1/main_ft_strlcpy.c Norm error!
Part1/main_ft_strlen.c Norm error!
Part1/main_ft_strncmp.c Norm error!
Part1/main_ft_strnstr.c Norm error!
Part1/main_ft_strrchr.c Norm error!
Part1/main_ft_tolower.c Norm error!
Part1/main_ft_atoi.c Norm error!
Part1/main_ft_bzero.c Norm error!
Part1/main_ft_calloc.c Norm error!
Part1/main_ft_isalnum.c Norm error!
Part1/main_ft_isalpha.c Norm error!
Part1/main_ft_isascii.c Norm error!
Part1/main_ft_isdigit.c Norm error!
Part1/main_ft_isprint.c Norm error!
Part1/main_ft_memchr.c Norm error!
Part1/main_ft_memcmp.c Norm error!
Part1/main_ft_memcpy.c Norm error!
Part1/main_ft_atoi.c Norm error!
Part1/main_ft_bzero.c Norm error!
Part1/main_ft_calloc.c Norm error!
Part1/main_ft_atoi.c Norm error!
Part1/main_ft_bzero.c Norm error!
Part1/main_ft_calloc.c Norm error!
Part1/main_ft_isalnum.c Norm error!
Part1/main_ft_isalpha.c Norm error!
Part1/main_ft_isascii.c Norm error!
Part1/main_ft_isdigit.c Norm error!
Part1/main_ft_isprint.c Norm error!
Part1/main_ft_memchr.c Norm error!
ft_atoi.c Norm error!
ft_bzero.c Norm error!
ft_calloc.c Norm error!
ft_isalnum.c Norm error!
ft_isalpha.c Norm error!
ft_itoa.c Norm error!
ft_putchar_fd.c Compilation error!
ft_split.c Norm error!
